0 info it worked if it ends with ok
1 verbose cli [ '/usr/local/Cellar/node/0.10.0/bin/node',
1 verbose cli   '/usr/local/bin/npm',
1 verbose cli   'publish' ]
2 info using npm@1.2.14
3 info using node@v0.10.0
4 verbose publish [ '.' ]
5 verbose read json /Users/jason/lib/jumpserve/package.json
6 error Error: invalid version: 0.1
6 error     at validVersion (/usr/local/Cellar/node/0.10.0/lib/node_modules/npm/node_modules/read-package-json/read-json.js:590:40)
6 error     at final (/usr/local/Cellar/node/0.10.0/lib/node_modules/npm/node_modules/read-package-json/read-json.js:342:23)
6 error     at /usr/local/Cellar/node/0.10.0/lib/node_modules/npm/node_modules/read-package-json/read-json.js:140:33
6 error     at cb (/usr/local/Cellar/node/0.10.0/lib/node_modules/npm/node_modules/slide/lib/async-map.js:48:11)
6 error     at /usr/local/Cellar/node/0.10.0/lib/node_modules/npm/node_modules/read-package-json/read-json.js:335:40
6 error     at fs.js:252:14
6 error     at Object.oncomplete (fs.js:93:15)
7 error If you need help, you may report this log at:
7 error     <http://github.com/isaacs/npm/issues>
7 error or email it to:
7 error     <npm-@googlegroups.com>
8 error System Darwin 11.4.2
9 error command "/usr/local/Cellar/node/0.10.0/bin/node" "/usr/local/bin/npm" "publish"
10 error cwd /Users/jason/lib/jumpserve
11 error node -v v0.10.0
12 error npm -v 1.2.14
13 verbose exit [ 1, true ]
